 Program Expilitly Correlated Complex Gaussians has started
 Number of parallel processes running           1
 
 Reading initial conditions from data file 
 inout.txt                               
 PARTICLES  5
 MASSES
  0.3670482965200000D+04
  0.3670482965200000D+04
  0.3670482965200000D+04
  0.1000000000000000D+01
  0.1000000000000000D+01
 CHARGES
  0.1000000000000000D+01
  0.1000000000000000D+01
  0.1000000000000000D+01
 -0.1000000000000000D+01
 -0.1000000000000000D+01
 SYMMETRY (1+P12)(1+P13+P23)(1+P45)
 BASIS_SIZE    400
 CURRENT_ENERGY   -0.1328299029478509D+01
 WHICH_EIGENVALUE      1
 EIGVAL_TOLERANCE  0.1000000000000000D-11
 INVITPARAMETER    0.1000001000000000D+01
 LAST_EIGVAL_TOL   0.1200000000000000D+00
 BEST_EIGVAL_TOL   0.1100000000000000D+00
 WORST_EIGVAL_TOL  0.1400000000000000D-19
 GENERATOR_PARAM
  0.8500000000000000D+00
  0.2000000000000000D+01
  0.3000000000000000D+01
  ==============================                                       
     400 -0.1328299029478509D+01     60      0  131474                 
  ==============================                                       
 EXPC_VALS G    400
 OPT_CYCLE G    400      1    400      1      1    100    120  0.9800000000000000D+00  0.5000000000000000D+02
  ==============================                                       

 Initializing program data
 Total number of terms in the nonsimplified Y operator:           12
 Total number of terms in the nonsimplified Y^{+}Y operator:     144
 Total number of terms in the simplified Y operator:              12
 Total number of terms in the simplified Y^{+}Y operator:         12
 
 Routine ExpectationValuesG has started
 Number of basis functions         400
 Matrices H and S were not read from swap file
 All H and S matrix elements need be (re)computed
 Computing Hamiltonian and overlap matrix elements... done
 Solving eigenvalue problem... done
 Energy:   -1.32829902947681     
 
 Lowest eigenvalues:
    1   -0.1328299029476815D+01
    2   -0.1308490592857586D+01
    3   -0.1286867430664629D+01
    4   -0.1256658865785995D+01
    5   -0.1225305785909000D+01
    6   -0.1196153342339441D+01
    7   -0.1163061296181136D+01
    8   -0.1137709287578175D+01
    9   -0.1079318945554195D+01
   10   -0.1041828104446081D+01
   11   -0.1020517623750431D+01
 
 Computing expectation values... done
 
 Expectation values and the corresponding estimates of
 relative errors due to possible numerical instabilities:
 
                       H=-0.1328299029486596D+01  ( 0.38112D-10)
                       S= 0.9999999999975444D+00  ( 0.38365D-10)
                       T= 0.1328190446163910D+01  ( 0.55501D-10)
                       V=-0.2656489475674366D+01  ( 0.19191D-10)
                      MV=-0.1811529065865517D+01  ( 0.43603D-10)
                drach_MV= 0.3466857150608841D+03  ( 0.13361D-12)
                    8*MV=-0.1449223252692413D+02  ( 0.43603D-10)
              8*drach_MV= 0.2773485720487073D+04  ( 0.13361D-12)
                  Darwin= 0.1537722917450206D+01  ( 0.63674D-10)
            drach_Darwin= 0.3466857150608845D+03  ( 0.13361D-12)
                      OO=-0.5652260188970682D-01  ( 0.49800D-10)
            (alpha^2)*MV=-0.9646637567279370D-04  ( 0.43603D-10)
      (alpha^2)*drach_MV= 0.1846148375956399D-01  ( 0.13361D-12)
        (alpha^2)*Darwin= 0.8188582752026800D-04  ( 0.63674D-10)
  (alpha^2)*drach_Darwin= 0.1846148375956401D-01  ( 0.13361D-12)
            (alpha^2)*OO=-0.3009905085509128D-05  ( 0.49800D-10)
 
 (Warning! These values do not account for indistinguishability of
 identical particles and other possible symmetries of the system)
 
            1/r^2_1= 0.1204765843940220D+02  ( 0.61901D-11)
           1/r^2_12=-0.1534847308691442D+03  ( 0.46535D-12)
           1/r^2_13=-0.1098925125692812D+03  ( 0.41508D-12)
           1/r^2_14= 0.1558129145226347D+03  ( 0.30226D-12)
            1/r^2_2= 0.1432194098725735D+03  ( 0.53049D-12)
           1/r^2_23=-0.1969777601600408D+03  ( 0.24473D-12)
           1/r^2_24= 0.6162030844271067D+02  ( 0.75596D-12)
            1/r^2_3=-0.3511115075979654D+02  ( 0.13742D-11)
           1/r^2_34= 0.6161910955099773D+00  ( 0.54557D-10)
            1/r^2_4= 0.1296032185377367D+03  ( 0.38932D-12)
              1/r_1= 0.1204765843940220D+02  ( 0.61901D-11)
             1/r_12=-0.1534847308691442D+03  ( 0.46535D-12)
             1/r_13=-0.1098925125692812D+03  ( 0.41508D-12)
             1/r_14= 0.1558129145226347D+03  ( 0.30226D-12)
              1/r_2= 0.1432194098725735D+03  ( 0.53049D-12)
             1/r_23=-0.1969777601600408D+03  ( 0.24473D-12)
             1/r_24= 0.6162030844271067D+02  ( 0.75596D-12)
              1/r_3=-0.3511115075979654D+02  ( 0.13742D-11)
             1/r_34= 0.6161910955099773D+00  ( 0.54557D-10)
              1/r_4= 0.1296032185377367D+03  ( 0.38932D-12)
 
                r_1= 0.6764860868541938D+01  ( 0.37631D-11)
               r_12= 0.5269206308456347D+02  ( 0.50428D-12)
               r_13= 0.1001215203288903D+03  ( 0.42993D-12)
               r_14=-0.1206735393731321D+03  ( 0.34826D-12)
                r_2=-0.5434808645426020D+02  ( 0.46019D-12)
               r_23= 0.1386811793610348D+03  ( 0.29740D-12)
               r_24=-0.5971793148247474D+02  ( 0.70751D-12)
                r_3= 0.4073207914998900D+02  ( 0.10256D-11)
               r_34= 0.2020673725820537D+01  ( 0.28468D-10)
                r_4=-0.8951092288038564D+02  ( 0.44676D-12)
 
              r^2_1= 0.1657441443427196D+02  ( 0.12151D-11)
             r^2_12= 0.8238374465796446D+02  ( 0.26658D-12)
             r^2_13= 0.2611596536491510D+03  ( 0.22784D-12)
             r^2_14=-0.2944245348982934D+03  ( 0.19457D-12)
              r^2_2=-0.9015836042340419D+02  ( 0.21617D-12)
             r^2_23= 0.3182739480740951D+03  ( 0.17353D-12)
             r^2_24=-0.1601787308590646D+03  ( 0.35977D-12)
              r^2_3= 0.1062336465877969D+03  ( 0.53479D-12)
             r^2_34= 0.4788321673224019D+01  ( 0.21895D-10)
              r^2_4=-0.2124125549562070D+03  ( 0.24834D-12)
 
         delta(r_1)= 0.4692960724724788D+02  ( 0.78114D-12)
        delta(r_12)=-0.2222717274998728D+03  ( 0.14591D-12)
        delta(r_13)=-0.7084643969406243D+02  ( 0.13387D-12)
        delta(r_14)= 0.9062857859969733D+02  ( 0.11669D-12)
         delta(r_2)= 0.1753421634522692D+03  ( 0.22254D-12)
        delta(r_23)=-0.1505727364036996D+03  ( 0.77849D-13)
        delta(r_24)= 0.2061891231865692D+02  ( 0.48736D-12)
         delta(r_3)= 0.1925781534803012D+02  ( 0.72722D-12)
        delta(r_34)= 0.1967568553954157D-01  ( 0.18155D-09)
         delta(r_4)= 0.9193216594059419D+02  ( 0.15282D-12)
 
   drach_delta(r_1)=-0.5857139150564487D+05  ( 0.27341D-11)
  drach_delta(r_12)= 0.3897853192457845D+06  ( 0.39186D-12)
  drach_delta(r_13)=-0.3868404308375164D+01  ( 0.53121D-11)
  drach_delta(r_14)=-0.1025112419369234D+02  ( 0.19901D-11)
   drach_delta(r_2)=-0.3357563120389293D+06  ( 0.48571D-12)
  drach_delta(r_23)=-0.3929379755879429D+02  ( 0.51943D-12)
  drach_delta(r_24)=-0.1327119316975242D+02  ( 0.15432D-11)
   drach_delta(r_3)= 0.5477336255020445D+02  ( 0.39094D-12)
  drach_delta(r_34)= 0.2233715394394211D+00  ( 0.47545D-10)
   drach_delta(r_4)= 0.1586348072422010D+02  ( 0.12595D-11)
 
 Based on the particle mass and charge values it was determined
 that the system has the following sets of identical particles:
 set 1:   particles  1  2  3
 set 2:   particles  4  5
 
 Properly symmetrized expectation values of two-particle quantities
 that account for permutational symmetry of the above mentioned sets
 of identical particles are:
 (Warning! An additional symmetrization might be necessary if the
 Young operator contains other types of symmetries)
 
 1/r^2_1 = 1/r^2_12 = 1/r^2_2 =  0.3572485309275256D+00 ( 0.63729D-09)
 1/r^2_13 = 1/r^2_14 = 1/r^2_23 = 1/r^2_24 = 1/r^2_3 = 1/r^2_4 =  0.1330875381751317D+01 ( 0.75047D-10)
 1/r^2_34 =  0.5571944891127150D+00 ( 0.85811D-10)
 
 1/r_1 = 1/r_12 = 1/r_2 =  0.5941124809438255D+00 ( 0.12454D-09)
 1/r_13 = 1/r_14 = 1/r_23 = 1/r_24 = 1/r_3 = 1/r_4 =  0.8425030023272484D+00 ( 0.56618D-10)
 1/r_34 =  0.6161910955099773D+00 ( 0.54557D-10)
 
 r_1 = r_12 = r_2 =  0.1702945832948404D+01 ( 0.15080D-10)
 r_13 = r_14 = r_23 = r_24 = r_3 = r_4 =  0.1605397517320275D+01 ( 0.25989D-10)
 r_34 =  0.2020673725820537D+01 ( 0.28468D-10)
 
 r^2_1 = r^2_12 = r^2_2 =  0.2933266222944075D+01 ( 0.69990D-11)
 r^2_13 = r^2_14 = r^2_23 = r^2_24 = r^2_3 = r^2_4 =  0.3108571266246353D+01 ( 0.18187D-10)
 r^2_34 =  0.4788321673224019D+01 ( 0.21895D-10)
 
 delta(r_1) = delta(r_12) = delta(r_2) =  0.1439988141290390D-04 ( 0.25026D-05)
 delta(r_13) = delta(r_14) = delta(r_23) = delta(r_24) = delta(r_3) = delta(r_4) =  0.1697160182027559D+00 ( 0.68628D-10)
 delta(r_34) =  0.1967568553954157D-01 ( 0.18155D-09)
 
 drach_delta(r_1) = drach_delta(r_12) = drach_delta(r_2) = -0.1514128099596555D+04 ( 0.10478D-09)
 drach_delta(r_13) = drach_delta(r_14) = drach_delta(r_23) = drach_delta(r_24) = drach_delta(r_3) = drach_delta(r_4) =  0.6587206739683928D+00 ( 0.31180D-10)
 drach_delta(r_34) =  0.2233715394394211D+00 ( 0.47545D-10)
 
 Routine ExpectationValuesG has finished
